<?xml version="1.0" encoding="UTF-8"?>
<!-- Generated by org.testng.reporters.JUnitXMLReporter -->
<testsuite hostname="DESKTOP-T4CKETO" ignored="0" name="Chat Test" tests="6" failures="0" timestamp="2019-10-19T12:28:34 IST" time="3.259" errors="0">
  <testcase name="test1" time="0.011" classname="BasicTestNGAnnotations.GroupChat">
    <skipped/>
  </testcase> <!-- test1 -->
  <testcase name="test2" time="3.016" classname="BasicTestNGAnnotations.GroupChat"/>
  <testcase name="test3" time="0.041" classname="BasicTestNGAnnotations.GroupChat"/>
  <testcase name="test1" time="0.009" classname="BasicTestNGAnnotations.PersonalChat"/>
  <testcase name="test2" time="0.01" classname="BasicTestNGAnnotations.PersonalChat"/>
  <testcase name="test3" time="0.008" classname="BasicTestNGAnnotations.PersonalChat"/>
</testsuite> <!-- Chat Test -->
