<?xml version="1.0" encoding="UTF-8"?>
<!-- Generated by org.testng.reporters.JUnitXMLReporter -->
<testsuite hostname="DESKTOP-T4CKETO" ignored="0" name="Status Test" tests="6" failures="0" timestamp="2019-10-19T12:28:34 IST" time="0.074" errors="0">
  <testcase name="test1" time="0.001" classname="BasicTestNGAnnotations.ImageStatus"/>
  <testcase name="test2" time="0.016" classname="BasicTestNGAnnotations.ImageStatus"/>
  <testcase name="test3" time="0.002" classname="BasicTestNGAnnotations.ImageStatus"/>
  <testcase name="test1" time="0.002" classname="BasicTestNGAnnotations.VideoStatus"/>
  <testcase name="test2" time="0.002" classname="BasicTestNGAnnotations.VideoStatus"/>
  <testcase name="test3" time="0.004" classname="BasicTestNGAnnotations.VideoStatus"/>
</testsuite> <!-- Status Test -->
